{
  "RSpec": {
    "coverage": {
      "/home/cuddly-messaging-6448/tic-tac-toe-rb-ruby-apply-000/lib/tic_tac_toe.rb": [
        null,
        1,
        null,
        null,
        null,
        null,
        null,
        null,
        null,
        null,
        null,
        null,
        1,
        7,
        7,
        7,
        7,
        7,
        null,
        null,
        null,
        1,
        6,
        null,
        null,
        null,
        1,
        5,
        null,
        null,
        null,
        1,
        8,
        null,
        null,
        null,
        1,
        6,
        null,
        null,
        null,
        1,
        4,
        4,
        36,
        5,
        null,
        null,
        4,
        null,
        null,
        null,
        1,
        3,
        3,
        null,
        0,
        null,
        null,
        null,
        null,
        1,
        43587,
        435647,
        null,
        null,
        43586,
        348616,
        348616,
        348616,
        348616,
        348616,
        348616,
        348616,
        17,
        17,
        null,
        348599,
        null,
        null,
        87214,
        9,
        null,
        null,
        null,
        null,
        1,
        43620,
        null,
        null,
        null,
        1,
        21787,
        null,
        null,
        null,
        1,
        10889,
        2,
        10887,
        2,
        null,
        10884,
        null,
        null,
        null,
        null,
        1,
        6,
        5,
        5,
        5,
        5,
        null,
        null,
        null,
        null,
        null,
        null,
        1,
        3,
        3,
        3,
        3,
        1,
        null,
        2,
        2,
        2,
        null,
        null,
        null,
        null,
        1,
        10902,
        3,
        10899,
        3,
        null,
        0,
        10890,
        null,
        null,
        null
      ]
    },
    "timestamp": 1601175794
  }
}
