{
  "RSpec": {
    "coverage": {
      "/home/cuddly-messaging-6448/tic-tac-toe-rb-ruby-apply-000/lib/tic_tac_toe.rb": [
        null,
        1,
        null,
        null,
        null,
        null,
        null,
        null,
        null,
        null,
        null,
        null,
        1,
        22,
        22,
        22,
        22,
        22,
        null,
        null,
        null,
        1,
        21,
        null,
        null,
        null,
        1,
        20,
        null,
        null,
        null,
        1,
        23,
        null,
        null,
        null,
        1,
        21,
        null,
        null,
        null,
        1,
        19,
        19,
        171,
        30,
        null,
        null,
        19,
        null,
        null,
        null,
        1,
        18,
        13,
        null,
        5,
        null,
        null,
        null,
        null,
        1,
        126,
        388,
        null,
        null,
        126,
        917,
        917,
        917,
        917,
        917,
        917,
        917,
        30,
        30,
        null,
        887,
        null,
        null,
        472,
        13,
        null,
        null,
        null,
        null,
        1,
        249,
        null,
        null,
        null,
        1,
        50,
        null,
        null,
        null,
        1,
        25,
        12,
        13,
        4,
        null,
        9,
        null,
        null,
        null,
        null,
        1,
        7,
        6,
        6,
        6,
        6,
        null,
        null,
        null,
        null,
        null,
        null,
        1,
        18,
        18,
        18,
        18,
        1,
        null,
        17,
        17,
        17,
        null,
        null,
        null,
        null,
        1,
        25,
        3,
        22,
        2,
        null,
        2,
        15,
        15,
        1,
        14,
        1,
        null,
        13,
        null,
        null,
        null
      ]
    },
    "timestamp": 1601176121
  }
}
